This is pdfTeX, Version 3.14159265-2.6-1.40.21 (MiKTeX 20.11) (preloaded format=pdflatex 2025.7.20)  3 AUG 2025 22:37
entering extended mode
**./model_report_4Y.tex
(model_report_4Y.tex
LaTeX2e <2020-10-01> patch level 2
L3 programming layer <2020-10-27> xparse <2020-03-03>
("C:\Program Files\MiKTeX\tex/latex/base\article.cls"
Document Class: article 2020/04/10 v1.4m Standard LaTeX document class
("C:\Program Files\MiKTeX\tex/latex/base\size10.clo"
File: size10.clo 2020/04/10 v1.4m Standard LaTeX file (size option)
)
\c@part=\count175
\c@section=\count176
\c@subsection=\count177
\c@subsubsection=\count178
\c@paragraph=\count179
\c@subparagraph=\count180
\c@figure=\count181
\c@table=\count182
\abovecaptionskip=\skip47
\belowcaptionskip=\skip48
\bibindent=\dimen138
)
("C:\Program Files\MiKTeX\tex/latex/amsmath\amsmath.sty"
Package: amsmath 2020/09/23 v2.17i AMS math features
\@mathmargin=\skip49

For additional information on amsmath, use the `?' option.
("C:\Program Files\MiKTeX\tex/latex/amsmath\amstext.sty"
Package: amstext 2000/06/29 v2.01 AMS text

("C:\Program Files\MiKTeX\tex/latex/amsmath\amsgen.sty"
File: amsgen.sty 1999/11/30 v2.0 generic functions
\@emptytoks=\toks15
\ex@=\dimen139
))
("C:\Program Files\MiKTeX\tex/latex/amsmath\amsbsy.sty"
Package: amsbsy 1999/11/29 v1.2d Bold Symbols
\pmbraise@=\dimen140
)
("C:\Program Files\MiKTeX\tex/latex/amsmath\amsopn.sty"
Package: amsopn 2016/03/08 v2.02 operator names
)
\inf@bad=\count183
LaTeX Info: Redefining \frac on input line 234.
\uproot@=\count184
\leftroot@=\count185
LaTeX Info: Redefining \overline on input line 399.
\classnum@=\count186
\DOTSCASE@=\count187
LaTeX Info: Redefining \ldots on input line 496.
LaTeX Info: Redefining \dots on input line 499.
LaTeX Info: Redefining \cdots on input line 620.
\Mathstrutbox@=\box47
\strutbox@=\box48
\big@size=\dimen141
LaTeX Font Info:    Redeclaring font encoding OML on input line 743.
LaTeX Font Info:    Redeclaring font encoding OMS on input line 744.
\macc@depth=\count188
\c@MaxMatrixCols=\count189
\dotsspace@=\muskip16
\c@parentequation=\count190
\dspbrk@lvl=\count191
\tag@help=\toks16
\row@=\count192
\column@=\count193
\maxfields@=\count194
\andhelp@=\toks17
\eqnshift@=\dimen142
\alignsep@=\dimen143
\tagshift@=\dimen144
\tagwidth@=\dimen145
\totwidth@=\dimen146
\lineht@=\dimen147
\@envbody=\toks18
\multlinegap=\skip50
\multlinetaggap=\skip51
\mathdisplay@stack=\toks19
LaTeX Info: Redefining \[ on input line 2923.
LaTeX Info: Redefining \] on input line 2924.
)
("C:\Program Files\MiKTeX\tex/latex/booktabs\booktabs.sty"
Package: booktabs 2020/01/12 v1.61803398 Publication quality tables
\heavyrulewidth=\dimen148
\lightrulewidth=\dimen149
\cmidrulewidth=\dimen150
\belowrulesep=\dimen151
\belowbottomsep=\dimen152
\aboverulesep=\dimen153
\abovetopsep=\dimen154
\cmidrulesep=\dimen155
\cmidrulekern=\dimen156
\defaultaddspace=\dimen157
\@cmidla=\count195
\@cmidlb=\count196
\@aboverulesep=\dimen158
\@belowrulesep=\dimen159
\@thisruleclass=\count197
\@lastruleclass=\count198
\@thisrulewidth=\dimen160
)
("C:\Program Files\MiKTeX\tex/latex/tools\longtable.sty"
Package: longtable 2020/01/07 v4.13 Multi-page Table package (DPC)
\LTleft=\skip52
\LTright=\skip53
\LTpre=\skip54
\LTpost=\skip55
\LTchunksize=\count199
\LTcapwidth=\dimen161
\LT@head=\box49
\LT@firsthead=\box50
\LT@foot=\box51
\LT@lastfoot=\box52
\LT@cols=\count266
\LT@rows=\count267
\c@LT@tables=\count268
\c@LT@chunks=\count269
\LT@p@ftn=\toks20
)
("C:\Program Files\MiKTeX\tex/latex/geometry\geometry.sty"
Package: geometry 2020/01/02 v5.9 Page Geometry

("C:\Program Files\MiKTeX\tex/latex/graphics\keyval.sty"
Package: keyval 2014/10/28 v1.15 key=value parser (DPC)
\KV@toks@=\toks21
)
("C:\Program Files\MiKTeX\tex/generic/iftex\ifvtex.sty"
Package: ifvtex 2019/10/25 v1.7 ifvtex legacy package. Use iftex instead.

("C:\Program Files\MiKTeX\tex/generic/iftex\iftex.sty"
Package: iftex 2020/03/06 v1.0d TeX engine tests
))
\Gm@cnth=\count270
\Gm@cntv=\count271
\c@Gm@tempcnt=\count272
\Gm@bindingoffset=\dimen162
\Gm@wd@mp=\dimen163
\Gm@odd@mp=\dimen164
\Gm@even@mp=\dimen165
\Gm@layoutwidth=\dimen166
\Gm@layoutheight=\dimen167
\Gm@layouthoffset=\dimen168
\Gm@layoutvoffset=\dimen169
\Gm@dimlist=\toks22

("C:\Program Files\MiKTeX\tex/latex/geometry\geometry.cfg"))
("C:\Program Files\MiKTeX\tex/latex/graphics\graphicx.sty"
Package: graphicx 2020/09/09 v1.2b Enhanced LaTeX Graphics (DPC,SPQR)

("C:\Program Files\MiKTeX\tex/latex/graphics\graphics.sty"
Package: graphics 2020/08/30 v1.4c Standard LaTeX Graphics (DPC,SPQR)

("C:\Program Files\MiKTeX\tex/latex/graphics\trig.sty"
Package: trig 2016/01/03 v1.10 sin cos tan (DPC)
)
("C:\Program Files\MiKTeX\tex/latex/graphics-cfg\graphics.cfg"
File: graphics.cfg 2016/06/04 v1.11 sample graphics configuration
)
Package graphics Info: Driver file: pdftex.def on input line 105.

("C:\Program Files\MiKTeX\tex/latex/graphics-def\pdftex.def"
File: pdftex.def 2020/10/05 v1.2a Graphics/color driver for pdftex
))
\Gin@req@height=\dimen170
\Gin@req@width=\dimen171
)
("C:\Program Files\MiKTeX\tex/latex/float\float.sty"
Package: float 2001/11/08 v1.3d Float enhancements (AL)
\c@float@type=\count273
\float@exts=\toks23
\float@box=\box53
\@float@everytoks=\toks24
\@floatcapt=\box54
)
("C:\Program Files\MiKTeX\tex/latex/caption\subcaption.sty"
Package: subcaption 2020/10/07 v1.3j Sub-captions (AR)

("C:\Program Files\MiKTeX\tex/latex/caption\caption.sty"
Package: caption 2020/10/26 v3.5g Customizing captions (AR)

("C:\Program Files\MiKTeX\tex/latex/caption\caption3.sty"
Package: caption3 2020/10/21 v2.2e caption3 kernel (AR)
\captionmargin=\dimen172
\captionmargin@=\dimen173
\captionwidth=\dimen174
\caption@tempdima=\dimen175
\caption@indent=\dimen176
\caption@parindent=\dimen177
\caption@hangindent=\dimen178
Package caption Info: Standard document class detected.
)
\c@caption@flags=\count274
\c@continuedfloat=\count275
Package caption Info: float package is loaded.
Package caption Info: longtable package is loaded.

("C:\Program Files\MiKTeX\tex/latex/caption\ltcaption.sty"
Package: ltcaption 2020/05/30 v1.4b longtable captions (AR)
))
\c@subfigure=\count276
\c@subtable=\count277
)
("C:\Program Files\MiKTeX\tex/latex/l3backend\l3backend-pdftex.def"
File: l3backend-pdftex.def 2020-09-24 L3 backend support: PDF output (pdfTeX)
\l__kernel_color_stack_int=\count278
\l__pdf_internal_box=\box55
)
(model_report_4Y.aux)
\openout1 = `model_report_4Y.aux'.

LaTeX Font Info:    Checking defaults for OML/cmm/m/it on input line 18.
LaTeX Font Info:    ... okay on input line 18.
LaTeX Font Info:    Checking defaults for OMS/cmsy/m/n on input line 18.
LaTeX Font Info:    ... okay on input line 18.
LaTeX Font Info:    Checking defaults for OT1/cmr/m/n on input line 18.
LaTeX Font Info:    ... okay on input line 18.
LaTeX Font Info:    Checking defaults for T1/cmr/m/n on input line 18.
LaTeX Font Info:    ... okay on input line 18.
LaTeX Font Info:    Checking defaults for TS1/cmr/m/n on input line 18.
LaTeX Font Info:    ... okay on input line 18.
LaTeX Font Info:    Checking defaults for OMX/cmex/m/n on input line 18.
LaTeX Font Info:    ... okay on input line 18.
LaTeX Font Info:    Checking defaults for U/cmr/m/n on input line 18.
LaTeX Font Info:    ... okay on input line 18.

*geometry* driver: auto-detecting
*geometry* detected driver: pdftex
*geometry* verbose mode - [ preamble ] result:
* driver: pdftex
* paper: <default>
* layout: <same size as paper>
* layoutoffset:(h,v)=(0.0pt,0.0pt)
* modes: 
* h-part:(L,W,R)=(72.26999pt, 469.75502pt, 72.26999pt)
* v-part:(T,H,B)=(72.26999pt, 650.43001pt, 72.26999pt)
* \paperwidth=614.295pt
* \paperheight=794.96999pt
* \textwidth=469.75502pt
* \textheight=650.43001pt
* \oddsidemargin=0.0pt
* \evensidemargin=0.0pt
* \topmargin=-37.0pt
* \headheight=12.0pt
* \headsep=25.0pt
* \topskip=10.0pt
* \footskip=30.0pt
* \marginparwidth=65.0pt
* \marginparsep=11.0pt
* \columnsep=10.0pt
* \skip\footins=9.0pt plus 4.0pt minus 2.0pt
* \hoffset=0.0pt
* \voffset=0.0pt
* \mag=1000
* \@twocolumnfalse
* \@twosidefalse
* \@mparswitchfalse
* \@reversemarginfalse
* (1in=72.27pt=25.4mm, 1cm=28.453pt)

("C:\Program Files\MiKTeX\tex/context/base/mkii\supp-pdf.mkii"
[Loading MPS to PDF converter (version 2006.09.02).]
\scratchcounter=\count279
\scratchdimen=\dimen179
\scratchbox=\box56
\nofMPsegments=\count280
\nofMParguments=\count281
\everyMPshowfont=\toks25
\MPscratchCnt=\count282
\MPscratchDim=\dimen180
\MPnumerator=\count283
\makeMPintoPDFobject=\count284
\everyMPtoPDFconversion=\toks26
) ("C:\Program Files\MiKTeX\tex/latex/epstopdf-pkg\epstopdf-base.sty"
Package: epstopdf-base 2020-01-24 v2.11 Base part for package epstopdf
Package epstopdf-base Info: Redefining graphics rule for `.eps' on input line 4
85.
)
Package caption Info: Begin \AtBeginDocument code.
Package caption Info: End \AtBeginDocument code.

Overfull \hbox (56.32962pt too wide) in alignment at lines 356--361
 [] [] [] [] [] [] [] [] [] [] [] [] 
 []


Overfull \hbox (56.32962pt too wide) in alignment at lines 361--367
 [] [] [] [] [] [] [] [] [] [] [] [] 
 []


Overfull \hbox (56.32962pt too wide) in alignment at lines 367--369
 [] [] [] [] [] [] [] [] [] [] [] [] 
 []


Overfull \hbox (56.32962pt too wide) in alignment at lines 369--371
 [] [] [] [] [] [] [] [] [] [] [] [] 
 []


Overfull \hbox (56.32962pt too wide) in alignment at lines 371--378
 [] [] [] [] [] [] [] [] [] [] [] [] 
 []

[1

{C:/Users/edem_/AppData/Local/MiKTeX/pdftex/config/pdftex.map}]
<charts//Domestic_bonds_zcrate_20250314.png, id=15, 722.7pt x 433.62pt>
File: charts//Domestic_bonds_zcrate_20250314.png Graphic file (type png)
<use charts//Domestic_bonds_zcrate_20250314.png>
Package pdftex.def Info: charts//Domestic_bonds_zcrate_20250314.png  used on in
put line 393.
(pdftex.def)             Requested size: 225.4804pt x 135.28757pt.
<charts//Domestic_bonds_price_20250314.png, id=17, 722.7pt x 433.62pt>
File: charts//Domestic_bonds_price_20250314.png Graphic file (type png)
<use charts//Domestic_bonds_price_20250314.png>
Package pdftex.def Info: charts//Domestic_bonds_price_20250314.png  used on inp
ut line 400.
(pdftex.def)             Requested size: 225.4804pt x 135.28757pt.
<charts//Foreign_bonds_zcrate_20250314.png, id=18, 722.7pt x 433.62pt>
File: charts//Foreign_bonds_zcrate_20250314.png Graphic file (type png)
<use charts//Foreign_bonds_zcrate_20250314.png>
Package pdftex.def Info: charts//Foreign_bonds_zcrate_20250314.png  used on inp
ut line 414.
(pdftex.def)             Requested size: 225.4804pt x 135.28757pt.
<charts//Foreign_bonds_price_20250314.png, id=19, 722.7pt x 433.62pt>
File: charts//Foreign_bonds_price_20250314.png Graphic file (type png)
<use charts//Foreign_bonds_price_20250314.png>
Package pdftex.def Info: charts//Foreign_bonds_price_20250314.png  used on inpu
t line 421.
(pdftex.def)             Requested size: 225.4804pt x 135.28757pt.
<charts//fx_option_vol_maturity_4.00_20250314.png, id=20, 722.7pt x 433.62pt>
File: charts//fx_option_vol_maturity_4.00_20250314.png Graphic file (type png)
<use charts//fx_option_vol_maturity_4.00_20250314.png>
Package pdftex.def Info: charts//fx_option_vol_maturity_4.00_20250314.png  used
 on input line 433.
(pdftex.def)             Requested size: 375.80544pt x 225.48369pt.
 [2 <./charts//Domestic_bonds_zcrate_20250314.png> <./charts//Domestic_bonds_pr
ice_20250314.png> <./charts//Foreign_bonds_zcrate_20250314.png> <./charts//Fore
ign_bonds_price_20250314.png>]
<charts//Domestic_bonds_zcrate_20250401.png, id=29, 722.7pt x 433.62pt>
File: charts//Domestic_bonds_zcrate_20250401.png Graphic file (type png)
<use charts//Domestic_bonds_zcrate_20250401.png>
Package pdftex.def Info: charts//Domestic_bonds_zcrate_20250401.png  used on in
put line 449.
(pdftex.def)             Requested size: 225.4804pt x 135.28757pt.
<charts//Domestic_bonds_price_20250401.png, id=30, 722.7pt x 433.62pt>
File: charts//Domestic_bonds_price_20250401.png Graphic file (type png)
<use charts//Domestic_bonds_price_20250401.png>
Package pdftex.def Info: charts//Domestic_bonds_price_20250401.png  used on inp
ut line 456.
(pdftex.def)             Requested size: 225.4804pt x 135.28757pt.
<charts//Foreign_bonds_zcrate_20250401.png, id=31, 722.7pt x 433.62pt>
File: charts//Foreign_bonds_zcrate_20250401.png Graphic file (type png)
<use charts//Foreign_bonds_zcrate_20250401.png>
Package pdftex.def Info: charts//Foreign_bonds_zcrate_20250401.png  used on inp
ut line 470.
(pdftex.def)             Requested size: 225.4804pt x 135.28757pt.
<charts//Foreign_bonds_price_20250401.png, id=32, 722.7pt x 433.62pt>
File: charts//Foreign_bonds_price_20250401.png Graphic file (type png)
<use charts//Foreign_bonds_price_20250401.png>
Package pdftex.def Info: charts//Foreign_bonds_price_20250401.png  used on inpu
t line 477.
(pdftex.def)             Requested size: 225.4804pt x 135.28757pt.
 [3 <./charts//fx_option_vol_maturity_4.00_20250314.png> <./charts//Domestic_bo
nds_zcrate_20250401.png> <./charts//Domestic_bonds_price_20250401.png>]
<charts//fx_option_vol_maturity_4.00_20250401.png, id=39, 722.7pt x 433.62pt>
File: charts//fx_option_vol_maturity_4.00_20250401.png Graphic file (type png)
<use charts//fx_option_vol_maturity_4.00_20250401.png>
Package pdftex.def Info: charts//fx_option_vol_maturity_4.00_20250401.png  used
 on input line 489.
(pdftex.def)             Requested size: 375.80544pt x 225.48369pt.
<charts//Domestic_bonds_zcrate_20250415.png, id=40, 722.7pt x 433.62pt>
File: charts//Domestic_bonds_zcrate_20250415.png Graphic file (type png)
<use charts//Domestic_bonds_zcrate_20250415.png>
Package pdftex.def Info: charts//Domestic_bonds_zcrate_20250415.png  used on in
put line 505.
(pdftex.def)             Requested size: 225.4804pt x 135.28757pt.
<charts//Domestic_bonds_price_20250415.png, id=41, 722.7pt x 433.62pt>
File: charts//Domestic_bonds_price_20250415.png Graphic file (type png)
<use charts//Domestic_bonds_price_20250415.png>
Package pdftex.def Info: charts//Domestic_bonds_price_20250415.png  used on inp
ut line 512.
(pdftex.def)             Requested size: 225.4804pt x 135.28757pt.
 [4 <./charts//Foreign_bonds_zcrate_20250401.png> <./charts//Foreign_bonds_pric
e_20250401.png> <./charts//fx_option_vol_maturity_4.00_20250401.png>]
<charts//Foreign_bonds_zcrate_20250415.png, id=48, 722.7pt x 433.62pt>
File: charts//Foreign_bonds_zcrate_20250415.png Graphic file (type png)
<use charts//Foreign_bonds_zcrate_20250415.png>
Package pdftex.def Info: charts//Foreign_bonds_zcrate_20250415.png  used on inp
ut line 526.
(pdftex.def)             Requested size: 225.4804pt x 135.28757pt.
<charts//Foreign_bonds_price_20250415.png, id=49, 722.7pt x 433.62pt>
File: charts//Foreign_bonds_price_20250415.png Graphic file (type png)
<use charts//Foreign_bonds_price_20250415.png>
Package pdftex.def Info: charts//Foreign_bonds_price_20250415.png  used on inpu
t line 533.
(pdftex.def)             Requested size: 225.4804pt x 135.28757pt.
<charts//fx_option_vol_maturity_4.00_20250415.png, id=50, 722.7pt x 433.62pt>
File: charts//fx_option_vol_maturity_4.00_20250415.png Graphic file (type png)
<use charts//fx_option_vol_maturity_4.00_20250415.png>
Package pdftex.def Info: charts//fx_option_vol_maturity_4.00_20250415.png  used
 on input line 545.
(pdftex.def)             Requested size: 375.80544pt x 225.48369pt.

[5 <./charts//Domestic_bonds_zcrate_20250415.png> <./charts//Domestic_bonds_pri
ce_20250415.png> <./charts//Foreign_bonds_zcrate_20250415.png> <./charts//Forei
gn_bonds_price_20250415.png>]
<charts//Domestic_bonds_zcrate_20250516.png, id=58, 722.7pt x 433.62pt>
File: charts//Domestic_bonds_zcrate_20250516.png Graphic file (type png)
<use charts//Domestic_bonds_zcrate_20250516.png>
Package pdftex.def Info: charts//Domestic_bonds_zcrate_20250516.png  used on in
put line 561.
(pdftex.def)             Requested size: 225.4804pt x 135.28757pt.
<charts//Domestic_bonds_price_20250516.png, id=59, 722.7pt x 433.62pt>
File: charts//Domestic_bonds_price_20250516.png Graphic file (type png)
<use charts//Domestic_bonds_price_20250516.png>
Package pdftex.def Info: charts//Domestic_bonds_price_20250516.png  used on inp
ut line 568.
(pdftex.def)             Requested size: 225.4804pt x 135.28757pt.
<charts//Foreign_bonds_zcrate_20250516.png, id=60, 722.7pt x 433.62pt>
File: charts//Foreign_bonds_zcrate_20250516.png Graphic file (type png)
<use charts//Foreign_bonds_zcrate_20250516.png>
Package pdftex.def Info: charts//Foreign_bonds_zcrate_20250516.png  used on inp
ut line 582.
(pdftex.def)             Requested size: 225.4804pt x 135.28757pt.
<charts//Foreign_bonds_price_20250516.png, id=61, 722.7pt x 433.62pt>
File: charts//Foreign_bonds_price_20250516.png Graphic file (type png)
<use charts//Foreign_bonds_price_20250516.png>
Package pdftex.def Info: charts//Foreign_bonds_price_20250516.png  used on inpu
t line 589.
(pdftex.def)             Requested size: 225.4804pt x 135.28757pt.
 [6 <./charts//fx_option_vol_maturity_4.00_20250415.png> <./charts//Domestic_bo
nds_zcrate_20250516.png> <./charts//Domestic_bonds_price_20250516.png>]
<charts//fx_option_vol_maturity_4.00_20250516.png, id=68, 722.7pt x 433.62pt>
File: charts//fx_option_vol_maturity_4.00_20250516.png Graphic file (type png)
<use charts//fx_option_vol_maturity_4.00_20250516.png>
Package pdftex.def Info: charts//fx_option_vol_maturity_4.00_20250516.png  used
 on input line 601.
(pdftex.def)             Requested size: 375.80544pt x 225.48369pt.
<charts//Domestic_bonds_zcrate_20250530.png, id=69, 722.7pt x 433.62pt>
File: charts//Domestic_bonds_zcrate_20250530.png Graphic file (type png)
<use charts//Domestic_bonds_zcrate_20250530.png>
Package pdftex.def Info: charts//Domestic_bonds_zcrate_20250530.png  used on in
put line 617.
(pdftex.def)             Requested size: 225.4804pt x 135.28757pt.
<charts//Domestic_bonds_price_20250530.png, id=70, 722.7pt x 433.62pt>
File: charts//Domestic_bonds_price_20250530.png Graphic file (type png)
<use charts//Domestic_bonds_price_20250530.png>
Package pdftex.def Info: charts//Domestic_bonds_price_20250530.png  used on inp
ut line 624.
(pdftex.def)             Requested size: 225.4804pt x 135.28757pt.
 [7 <./charts//Foreign_bonds_zcrate_20250516.png> <./charts//Foreign_bonds_pric
e_20250516.png> <./charts//fx_option_vol_maturity_4.00_20250516.png>]
<charts//Foreign_bonds_zcrate_20250530.png, id=78, 722.7pt x 433.62pt>
File: charts//Foreign_bonds_zcrate_20250530.png Graphic file (type png)
<use charts//Foreign_bonds_zcrate_20250530.png>
Package pdftex.def Info: charts//Foreign_bonds_zcrate_20250530.png  used on inp
ut line 638.
(pdftex.def)             Requested size: 225.4804pt x 135.28757pt.
<charts//Foreign_bonds_price_20250530.png, id=79, 722.7pt x 433.62pt>
File: charts//Foreign_bonds_price_20250530.png Graphic file (type png)
<use charts//Foreign_bonds_price_20250530.png>
Package pdftex.def Info: charts//Foreign_bonds_price_20250530.png  used on inpu
t line 645.
(pdftex.def)             Requested size: 225.4804pt x 135.28757pt.
<charts//fx_option_vol_maturity_4.00_20250530.png, id=80, 722.7pt x 433.62pt>
File: charts//fx_option_vol_maturity_4.00_20250530.png Graphic file (type png)
<use charts//fx_option_vol_maturity_4.00_20250530.png>
Package pdftex.def Info: charts//fx_option_vol_maturity_4.00_20250530.png  used
 on input line 657.
(pdftex.def)             Requested size: 375.80544pt x 225.48369pt.
 [8 <./charts//Domestic_bonds_zcrate_20250530.png> <./charts//Domestic_bonds_pr
ice_20250530.png> <./charts//Foreign_bonds_zcrate_20250530.png> <./charts//Fore
ign_bonds_price_20250530.png>] [9 <./charts//fx_option_vol_maturity_4.00_202505
30.png>] (model_report_4Y.aux) ) 
Here is how much of TeX's memory you used:
 4101 strings out of 479799
 70077 string characters out of 2879599
 351944 words of memory out of 3000000
 21049 multiletter control sequences out of 15000+200000
 541105 words of font info for 50 fonts, out of 3000000 for 9000
 1141 hyphenation exceptions out of 8191
 66i,9n,74p,312b,463s stack positions out of 5000i,500n,10000p,200000b,50000s
 <C:\Users\edem_\AppData\Local\MiKTeX\fonts/pk/
ljfour/jknappen/ec/dpi600\tcrm1000.pk><C:/Program Files/MiKTeX/fonts/type1/publ
ic/amsfonts/cm/cmbx10.pfb><C:/Program Files/MiKTeX/fonts/type1/public/amsfonts/
cm/cmbx12.pfb><C:/Program Files/MiKTeX/fonts/type1/public/amsfonts/cm/cmex10.pf
b><C:/Program Files/MiKTeX/fonts/type1/public/amsfonts/cm/cmmi10.pfb><C:/Progra
m Files/MiKTeX/fonts/type1/public/amsfonts/cm/cmmi7.pfb><C:/Program Files/MiKTe
X/fonts/type1/public/amsfonts/cm/cmr10.pfb><C:/Program Files/MiKTeX/fonts/type1
/public/amsfonts/cm/cmr12.pfb><C:/Program Files/MiKTeX/fonts/type1/public/amsfo
nts/cm/cmr17.pfb><C:/Program Files/MiKTeX/fonts/type1/public/amsfonts/cm/cmr7.p
fb><C:/Program Files/MiKTeX/fonts/type1/public/amsfonts/cm/cmr9.pfb>
Output written on model_report_4Y.pdf (9 pages, 1093140 bytes).
PDF statistics:
 128 PDF objects out of 1000 (max. 8388607)
 0 named destinations out of 1000 (max. 500000)
 126 words of extra memory for PDF output out of 10000 (max. 10000000)

