This is pdfTeX, Version 3.14159265-2.6-1.40.21 (MiKTeX 20.11) (preloaded format=pdflatex 2025.7.20)  15 AUG 2025 22:20
entering extended mode
**./multi_maturity_model_report.tex
(multi_maturity_model_report.tex
LaTeX2e <2020-10-01> patch level 2
L3 programming layer <2020-10-27> xparse <2020-03-03>
("C:\Program Files\MiKTeX\tex/latex/base\article.cls"
Document Class: article 2020/04/10 v1.4m Standard LaTeX document class
("C:\Program Files\MiKTeX\tex/latex/base\size10.clo"
File: size10.clo 2020/04/10 v1.4m Standard LaTeX file (size option)
)
\c@part=\count175
\c@section=\count176
\c@subsection=\count177
\c@subsubsection=\count178
\c@paragraph=\count179
\c@subparagraph=\count180
\c@figure=\count181
\c@table=\count182
\abovecaptionskip=\skip47
\belowcaptionskip=\skip48
\bibindent=\dimen138
)
("C:\Program Files\MiKTeX\tex/latex/amsmath\amsmath.sty"
Package: amsmath 2020/09/23 v2.17i AMS math features
\@mathmargin=\skip49

For additional information on amsmath, use the `?' option.
("C:\Program Files\MiKTeX\tex/latex/amsmath\amstext.sty"
Package: amstext 2000/06/29 v2.01 AMS text

("C:\Program Files\MiKTeX\tex/latex/amsmath\amsgen.sty"
File: amsgen.sty 1999/11/30 v2.0 generic functions
\@emptytoks=\toks15
\ex@=\dimen139
))
("C:\Program Files\MiKTeX\tex/latex/amsmath\amsbsy.sty"
Package: amsbsy 1999/11/29 v1.2d Bold Symbols
\pmbraise@=\dimen140
)
("C:\Program Files\MiKTeX\tex/latex/amsmath\amsopn.sty"
Package: amsopn 2016/03/08 v2.02 operator names
)
\inf@bad=\count183
LaTeX Info: Redefining \frac on input line 234.
\uproot@=\count184
\leftroot@=\count185
LaTeX Info: Redefining \overline on input line 399.
\classnum@=\count186
\DOTSCASE@=\count187
LaTeX Info: Redefining \ldots on input line 496.
LaTeX Info: Redefining \dots on input line 499.
LaTeX Info: Redefining \cdots on input line 620.
\Mathstrutbox@=\box47
\strutbox@=\box48
\big@size=\dimen141
LaTeX Font Info:    Redeclaring font encoding OML on input line 743.
LaTeX Font Info:    Redeclaring font encoding OMS on input line 744.
\macc@depth=\count188
\c@MaxMatrixCols=\count189
\dotsspace@=\muskip16
\c@parentequation=\count190
\dspbrk@lvl=\count191
\tag@help=\toks16
\row@=\count192
\column@=\count193
\maxfields@=\count194
\andhelp@=\toks17
\eqnshift@=\dimen142
\alignsep@=\dimen143
\tagshift@=\dimen144
\tagwidth@=\dimen145
\totwidth@=\dimen146
\lineht@=\dimen147
\@envbody=\toks18
\multlinegap=\skip50
\multlinetaggap=\skip51
\mathdisplay@stack=\toks19
LaTeX Info: Redefining \[ on input line 2923.
LaTeX Info: Redefining \] on input line 2924.
)
("C:\Program Files\MiKTeX\tex/latex/booktabs\booktabs.sty"
Package: booktabs 2020/01/12 v1.61803398 Publication quality tables
\heavyrulewidth=\dimen148
\lightrulewidth=\dimen149
\cmidrulewidth=\dimen150
\belowrulesep=\dimen151
\belowbottomsep=\dimen152
\aboverulesep=\dimen153
\abovetopsep=\dimen154
\cmidrulesep=\dimen155
\cmidrulekern=\dimen156
\defaultaddspace=\dimen157
\@cmidla=\count195
\@cmidlb=\count196
\@aboverulesep=\dimen158
\@belowrulesep=\dimen159
\@thisruleclass=\count197
\@lastruleclass=\count198
\@thisrulewidth=\dimen160
)
("C:\Program Files\MiKTeX\tex/latex/tools\longtable.sty"
Package: longtable 2020/01/07 v4.13 Multi-page Table package (DPC)
\LTleft=\skip52
\LTright=\skip53
\LTpre=\skip54
\LTpost=\skip55
\LTchunksize=\count199
\LTcapwidth=\dimen161
\LT@head=\box49
\LT@firsthead=\box50
\LT@foot=\box51
\LT@lastfoot=\box52
\LT@cols=\count266
\LT@rows=\count267
\c@LT@tables=\count268
\c@LT@chunks=\count269
\LT@p@ftn=\toks20
)
("C:\Program Files\MiKTeX\tex/latex/geometry\geometry.sty"
Package: geometry 2020/01/02 v5.9 Page Geometry

("C:\Program Files\MiKTeX\tex/latex/graphics\keyval.sty"
Package: keyval 2014/10/28 v1.15 key=value parser (DPC)
\KV@toks@=\toks21
)
("C:\Program Files\MiKTeX\tex/generic/iftex\ifvtex.sty"
Package: ifvtex 2019/10/25 v1.7 ifvtex legacy package. Use iftex instead.

("C:\Program Files\MiKTeX\tex/generic/iftex\iftex.sty"
Package: iftex 2020/03/06 v1.0d TeX engine tests
))
\Gm@cnth=\count270
\Gm@cntv=\count271
\c@Gm@tempcnt=\count272
\Gm@bindingoffset=\dimen162
\Gm@wd@mp=\dimen163
\Gm@odd@mp=\dimen164
\Gm@even@mp=\dimen165
\Gm@layoutwidth=\dimen166
\Gm@layoutheight=\dimen167
\Gm@layouthoffset=\dimen168
\Gm@layoutvoffset=\dimen169
\Gm@dimlist=\toks22

("C:\Program Files\MiKTeX\tex/latex/geometry\geometry.cfg"))
("C:\Program Files\MiKTeX\tex/latex/graphics\graphicx.sty"
Package: graphicx 2020/09/09 v1.2b Enhanced LaTeX Graphics (DPC,SPQR)

("C:\Program Files\MiKTeX\tex/latex/graphics\graphics.sty"
Package: graphics 2020/08/30 v1.4c Standard LaTeX Graphics (DPC,SPQR)

("C:\Program Files\MiKTeX\tex/latex/graphics\trig.sty"
Package: trig 2016/01/03 v1.10 sin cos tan (DPC)
)
("C:\Program Files\MiKTeX\tex/latex/graphics-cfg\graphics.cfg"
File: graphics.cfg 2016/06/04 v1.11 sample graphics configuration
)
Package graphics Info: Driver file: pdftex.def on input line 105.

("C:\Program Files\MiKTeX\tex/latex/graphics-def\pdftex.def"
File: pdftex.def 2020/10/05 v1.2a Graphics/color driver for pdftex
))
\Gin@req@height=\dimen170
\Gin@req@width=\dimen171
)
("C:\Program Files\MiKTeX\tex/latex/float\float.sty"
Package: float 2001/11/08 v1.3d Float enhancements (AL)
\c@float@type=\count273
\float@exts=\toks23
\float@box=\box53
\@float@everytoks=\toks24
\@floatcapt=\box54
)
("C:\Program Files\MiKTeX\tex/latex/caption\subcaption.sty"
Package: subcaption 2020/10/07 v1.3j Sub-captions (AR)

("C:\Program Files\MiKTeX\tex/latex/caption\caption.sty"
Package: caption 2020/10/26 v3.5g Customizing captions (AR)

("C:\Program Files\MiKTeX\tex/latex/caption\caption3.sty"
Package: caption3 2020/10/21 v2.2e caption3 kernel (AR)
\captionmargin=\dimen172
\captionmargin@=\dimen173
\captionwidth=\dimen174
\caption@tempdima=\dimen175
\caption@indent=\dimen176
\caption@parindent=\dimen177
\caption@hangindent=\dimen178
Package caption Info: Standard document class detected.
)
\c@caption@flags=\count274
\c@continuedfloat=\count275
Package caption Info: float package is loaded.
Package caption Info: longtable package is loaded.

("C:\Program Files\MiKTeX\tex/latex/caption\ltcaption.sty"
Package: ltcaption 2020/05/30 v1.4b longtable captions (AR)
))
\c@subfigure=\count276
\c@subtable=\count277
)
("C:\Program Files\MiKTeX\tex/latex/graphics\rotating.sty"
Package: rotating 2016/08/11 v2.16d rotated objects in LaTeX

("C:\Program Files\MiKTeX\tex/latex/base\ifthen.sty"
Package: ifthen 2014/09/29 v1.1c Standard LaTeX ifthen package (DPC)
)
\c@r@tfl@t=\count278
\rotFPtop=\skip56
\rotFPbot=\skip57
\rot@float@box=\box55
\rot@mess@toks=\toks25
)
("C:\Program Files\MiKTeX\tex/latex/pdflscape\pdflscape.sty"
Package: pdflscape 2022-10-27 v0.13 Display of landscape pages in PDF

("C:\Program Files\MiKTeX\tex/latex/pdflscape\pdflscape-nometadata.sty"
Package: pdflscape-nometadata 2022-10-28 v0.13 Display of landscape pages in PD
F (HO)

("C:\Program Files\MiKTeX\tex/latex/graphics\lscape.sty"
Package: lscape 2020/05/28 v3.02 Landscape Pages (DPC)
)
Package pdflscape Info: Auto-detected driver: pdftex on input line 81.
))
("C:\Program Files\MiKTeX\tex/latex/xcolor\xcolor.sty"
Package: xcolor 2016/05/11 v2.12 LaTeX color extensions (UK)

("C:\Program Files\MiKTeX\tex/latex/graphics-cfg\color.cfg"
File: color.cfg 2016/01/02 v1.6 sample color configuration
)
Package xcolor Info: Driver file: pdftex.def on input line 225.
Package xcolor Info: Model `cmy' substituted by `cmy0' on input line 1348.
Package xcolor Info: Model `hsb' substituted by `rgb' on input line 1352.
Package xcolor Info: Model `RGB' extended on input line 1364.
Package xcolor Info: Model `HTML' substituted by `rgb' on input line 1366.
Package xcolor Info: Model `Hsb' substituted by `hsb' on input line 1367.
Package xcolor Info: Model `tHsb' substituted by `hsb' on input line 1368.
Package xcolor Info: Model `HSB' substituted by `hsb' on input line 1369.
Package xcolor Info: Model `Gray' substituted by `gray' on input line 1370.
Package xcolor Info: Model `wave' substituted by `hsb' on input line 1371.
)
("C:\Program Files\MiKTeX\tex/latex/colortbl\colortbl.sty"
Package: colortbl 2020/01/04 v1.0e Color table columns (DPC)

("C:\Program Files\MiKTeX\tex/latex/tools\array.sty"
Package: array 2019/08/31 v2.4l Tabular extension package (FMi)
\col@sep=\dimen179
\ar@mcellbox=\box56
\extrarowheight=\dimen180
\NC@list=\toks26
\extratabsurround=\skip58
\backup@length=\skip59
\ar@cellbox=\box57
)
\everycr=\toks27
\minrowclearance=\skip60
)
("C:\Program Files\MiKTeX\tex/latex/l3backend\l3backend-pdftex.def"
File: l3backend-pdftex.def 2020-09-24 L3 backend support: PDF output (pdfTeX)
\l__kernel_color_stack_int=\count279
\l__pdf_internal_box=\box58
)
(multi_maturity_model_report.aux

LaTeX Warning: Label `fig:fx_option_vol_3Y_20250314' multiply defined.


LaTeX Warning: Label `sub@fig:fx_option_vol_3Y_20250314' multiply defined.


LaTeX Warning: Label `fig:fx_option_vol_4Y_20250314' multiply defined.


LaTeX Warning: Label `sub@fig:fx_option_vol_4Y_20250314' multiply defined.


LaTeX Warning: Label `fig:fx_option_vol_5Y_20250314' multiply defined.


LaTeX Warning: Label `sub@fig:fx_option_vol_5Y_20250314' multiply defined.


LaTeX Warning: Label `fig:fx_option_vol_7Y_20250314' multiply defined.


LaTeX Warning: Label `sub@fig:fx_option_vol_7Y_20250314' multiply defined.


LaTeX Warning: Label `fig:fx_option_vol_all_tenors_20250314' multiply defined.


LaTeX Warning: Label `fig:fx_option_vol_3Y_20250401' multiply defined.


LaTeX Warning: Label `sub@fig:fx_option_vol_3Y_20250401' multiply defined.


LaTeX Warning: Label `fig:fx_option_vol_4Y_20250401' multiply defined.


LaTeX Warning: Label `sub@fig:fx_option_vol_4Y_20250401' multiply defined.


LaTeX Warning: Label `fig:fx_option_vol_5Y_20250401' multiply defined.


LaTeX Warning: Label `sub@fig:fx_option_vol_5Y_20250401' multiply defined.


LaTeX Warning: Label `fig:fx_option_vol_7Y_20250401' multiply defined.


LaTeX Warning: Label `sub@fig:fx_option_vol_7Y_20250401' multiply defined.


LaTeX Warning: Label `fig:fx_option_vol_all_tenors_20250401' multiply defined.


LaTeX Warning: Label `fig:fx_option_vol_3Y_20250415' multiply defined.


LaTeX Warning: Label `sub@fig:fx_option_vol_3Y_20250415' multiply defined.


LaTeX Warning: Label `fig:fx_option_vol_4Y_20250415' multiply defined.


LaTeX Warning: Label `sub@fig:fx_option_vol_4Y_20250415' multiply defined.


LaTeX Warning: Label `fig:fx_option_vol_5Y_20250415' multiply defined.


LaTeX Warning: Label `sub@fig:fx_option_vol_5Y_20250415' multiply defined.


LaTeX Warning: Label `fig:fx_option_vol_7Y_20250415' multiply defined.


LaTeX Warning: Label `sub@fig:fx_option_vol_7Y_20250415' multiply defined.


LaTeX Warning: Label `fig:fx_option_vol_all_tenors_20250415' multiply defined.


LaTeX Warning: Label `fig:fx_option_vol_3Y_20250516' multiply defined.


LaTeX Warning: Label `sub@fig:fx_option_vol_3Y_20250516' multiply defined.


LaTeX Warning: Label `fig:fx_option_vol_4Y_20250516' multiply defined.


LaTeX Warning: Label `sub@fig:fx_option_vol_4Y_20250516' multiply defined.


LaTeX Warning: Label `fig:fx_option_vol_5Y_20250516' multiply defined.


LaTeX Warning: Label `sub@fig:fx_option_vol_5Y_20250516' multiply defined.


LaTeX Warning: Label `fig:fx_option_vol_7Y_20250516' multiply defined.


LaTeX Warning: Label `sub@fig:fx_option_vol_7Y_20250516' multiply defined.


LaTeX Warning: Label `fig:fx_option_vol_all_tenors_20250516' multiply defined.


LaTeX Warning: Label `fig:fx_option_vol_3Y_20250530' multiply defined.


LaTeX Warning: Label `sub@fig:fx_option_vol_3Y_20250530' multiply defined.


LaTeX Warning: Label `fig:fx_option_vol_4Y_20250530' multiply defined.


LaTeX Warning: Label `sub@fig:fx_option_vol_4Y_20250530' multiply defined.


LaTeX Warning: Label `fig:fx_option_vol_5Y_20250530' multiply defined.


LaTeX Warning: Label `sub@fig:fx_option_vol_5Y_20250530' multiply defined.


LaTeX Warning: Label `fig:fx_option_vol_7Y_20250530' multiply defined.


LaTeX Warning: Label `sub@fig:fx_option_vol_7Y_20250530' multiply defined.


LaTeX Warning: Label `fig:fx_option_vol_all_tenors_20250530' multiply defined.

)
\openout1 = `multi_maturity_model_report.aux'.

LaTeX Font Info:    Checking defaults for OML/cmm/m/it on input line 20.
LaTeX Font Info:    ... okay on input line 20.
LaTeX Font Info:    Checking defaults for OMS/cmsy/m/n on input line 20.
LaTeX Font Info:    ... okay on input line 20.
LaTeX Font Info:    Checking defaults for OT1/cmr/m/n on input line 20.
LaTeX Font Info:    ... okay on input line 20.
LaTeX Font Info:    Checking defaults for T1/cmr/m/n on input line 20.
LaTeX Font Info:    ... okay on input line 20.
LaTeX Font Info:    Checking defaults for TS1/cmr/m/n on input line 20.
LaTeX Font Info:    ... okay on input line 20.
LaTeX Font Info:    Checking defaults for OMX/cmex/m/n on input line 20.
LaTeX Font Info:    ... okay on input line 20.
LaTeX Font Info:    Checking defaults for U/cmr/m/n on input line 20.
LaTeX Font Info:    ... okay on input line 20.

*geometry* driver: auto-detecting
*geometry* detected driver: pdftex
*geometry* verbose mode - [ preamble ] result:
* driver: pdftex
* paper: <default>
* layout: <same size as paper>
* layoutoffset:(h,v)=(0.0pt,0.0pt)
* modes: 
* h-part:(L,W,R)=(57.81621pt, 498.66258pt, 57.81621pt)
* v-part:(T,H,B)=(57.81621pt, 679.33757pt, 57.81621pt)
* \paperwidth=614.295pt
* \paperheight=794.96999pt
* \textwidth=498.66258pt
* \textheight=679.33757pt
* \oddsidemargin=-14.45378pt
* \evensidemargin=-14.45378pt
* \topmargin=-51.45378pt
* \headheight=12.0pt
* \headsep=25.0pt
* \topskip=10.0pt
* \footskip=30.0pt
* \marginparwidth=65.0pt
* \marginparsep=11.0pt
* \columnsep=10.0pt
* \skip\footins=9.0pt plus 4.0pt minus 2.0pt
* \hoffset=0.0pt
* \voffset=0.0pt
* \mag=1000
* \@twocolumnfalse
* \@twosidefalse
* \@mparswitchfalse
* \@reversemarginfalse
* (1in=72.27pt=25.4mm, 1cm=28.453pt)

("C:\Program Files\MiKTeX\tex/context/base/mkii\supp-pdf.mkii"
[Loading MPS to PDF converter (version 2006.09.02).]
\scratchcounter=\count280
\scratchdimen=\dimen181
\scratchbox=\box59
\nofMPsegments=\count281
\nofMParguments=\count282
\everyMPshowfont=\toks28
\MPscratchCnt=\count283
\MPscratchDim=\dimen182
\MPnumerator=\count284
\makeMPintoPDFobject=\count285
\everyMPtoPDFconversion=\toks29
) ("C:\Program Files\MiKTeX\tex/latex/epstopdf-pkg\epstopdf-base.sty"
Package: epstopdf-base 2020-01-24 v2.11 Base part for package epstopdf
Package epstopdf-base Info: Redefining graphics rule for `.eps' on input line 4
85.
)
Package caption Info: Begin \AtBeginDocument code.
Package caption Info: rotating package is loaded.
Package caption Info: End \AtBeginDocument code.
 [1

{C:/Users/edem_/AppData/Local/MiKTeX/pdftex/config/pdftex.map}]
Overfull \hbox (17.86636pt too wide) in alignment at lines 205--211
 [] [] [] [] [] [] [] [] [] [] 
 []


Overfull \hbox (17.86636pt too wide) in alignment at lines 211--217
 [] [] [] [] [] [] [] [] [] [] 
 []


Overfull \hbox (17.86636pt too wide) in alignment at lines 217--219
 [] [] [] [] [] [] [] [] [] [] 
 []


Overfull \hbox (17.86636pt too wide) in alignment at lines 219--221
 [] [] [] [] [] [] [] [] [] [] 
 []


Overfull \hbox (17.86636pt too wide) in alignment at lines 221--228
 [] [] [] [] [] [] [] [] [] [] 
 []

[2] [3]
<charts//calibrate_on_vol_4__4_Domestic_bonds_zcrate_20250314_0000_.png, id=22,
 722.7pt x 433.62pt>
File: charts//calibrate_on_vol_4__4_Domestic_bonds_zcrate_20250314_0000_.png Gr
aphic file (type png)
<use charts//calibrate_on_vol_4__4_Domestic_bonds_zcrate_20250314_0000_.png>
Package pdftex.def Info: charts//calibrate_on_vol_4__4_Domestic_bonds_zcrate_20
250314_0000_.png  used on input line 375.
(pdftex.def)             Requested size: 239.3559pt x 143.61113pt.
<charts//calibrate_on_vol_4__4_Domestic_bonds_price_20250314_0000_.png, id=24, 
722.7pt x 433.62pt>
File: charts//calibrate_on_vol_4__4_Domestic_bonds_price_20250314_0000_.png Gra
phic file (type png)
<use charts//calibrate_on_vol_4__4_Domestic_bonds_price_20250314_0000_.png>
Package pdftex.def Info: charts//calibrate_on_vol_4__4_Domestic_bonds_price_202
50314_0000_.png  used on input line 382.
(pdftex.def)             Requested size: 239.3559pt x 143.61113pt.
<charts//calibrate_on_vol_4__4_Foreign_bonds_zcrate_20250314_0000_.png, id=25, 
722.7pt x 433.62pt>
File: charts//calibrate_on_vol_4__4_Foreign_bonds_zcrate_20250314_0000_.png Gra
phic file (type png)
<use charts//calibrate_on_vol_4__4_Foreign_bonds_zcrate_20250314_0000_.png>
Package pdftex.def Info: charts//calibrate_on_vol_4__4_Foreign_bonds_zcrate_202
50314_0000_.png  used on input line 396.
(pdftex.def)             Requested size: 239.3559pt x 143.61113pt.
<charts//calibrate_on_vol_4__4_Foreign_bonds_price_20250314_0000_.png, id=26, 7
22.7pt x 433.62pt>
File: charts//calibrate_on_vol_4__4_Foreign_bonds_price_20250314_0000_.png Grap
hic file (type png)
<use charts//calibrate_on_vol_4__4_Foreign_bonds_price_20250314_0000_.png>
Package pdftex.def Info: charts//calibrate_on_vol_4__4_Foreign_bonds_price_2025
0314_0000_.png  used on input line 403.
(pdftex.def)             Requested size: 239.3559pt x 143.61113pt.
 [4 <./charts//calibrate_on_vol_4__4_Domestic_bonds_zcrate_20250314_0000_.png> 
<./charts//calibrate_on_vol_4__4_Domestic_bonds_price_20250314_0000_.png>]
<charts//calibrate_on_vol_1__1_fx_option_vol_maturity_1.00_20250314_0000_.png, 
id=33, 722.7pt x 433.62pt>
File: charts//calibrate_on_vol_1__1_fx_option_vol_maturity_1.00_20250314_0000_.
png Graphic file (type png)
<use charts//calibrate_on_vol_1__1_fx_option_vol_maturity_1.00_20250314_0000_.p
ng>
Package pdftex.def Info: charts//calibrate_on_vol_1__1_fx_option_vol_maturity_1
.00_20250314_0000_.png  used on input line 420.
(pdftex.def)             Requested size: 159.57567pt x 95.74075pt.
<charts//calibrate_on_vol_2__2_fx_option_vol_maturity_2.00_20250314_0000_.png, 
id=34, 722.7pt x 433.62pt>
File: charts//calibrate_on_vol_2__2_fx_option_vol_maturity_2.00_20250314_0000_.
png Graphic file (type png)
<use charts//calibrate_on_vol_2__2_fx_option_vol_maturity_2.00_20250314_0000_.p
ng>
Package pdftex.def Info: charts//calibrate_on_vol_2__2_fx_option_vol_maturity_2
.00_20250314_0000_.png  used on input line 426.
(pdftex.def)             Requested size: 159.57567pt x 95.74075pt.
<charts//calibrate_on_vol_3__3_fx_option_vol_maturity_3.00_20250314_0000_.png, 
id=35, 722.7pt x 433.62pt>
File: charts//calibrate_on_vol_3__3_fx_option_vol_maturity_3.00_20250314_0000_.
png Graphic file (type png)
<use charts//calibrate_on_vol_3__3_fx_option_vol_maturity_3.00_20250314_0000_.p
ng>
Package pdftex.def Info: charts//calibrate_on_vol_3__3_fx_option_vol_maturity_3
.00_20250314_0000_.png  used on input line 432.
(pdftex.def)             Requested size: 159.57567pt x 95.74075pt.
<charts//calibrate_on_vol_4__4_fx_option_vol_maturity_4.00_20250314_0000_.png, 
id=36, 722.7pt x 433.62pt>
File: charts//calibrate_on_vol_4__4_fx_option_vol_maturity_4.00_20250314_0000_.
png Graphic file (type png)
<use charts//calibrate_on_vol_4__4_fx_option_vol_maturity_4.00_20250314_0000_.p
ng>
Package pdftex.def Info: charts//calibrate_on_vol_4__4_fx_option_vol_maturity_4
.00_20250314_0000_.png  used on input line 439.
(pdftex.def)             Requested size: 159.57567pt x 95.74075pt.
<charts//calibrate_on_vol_5__5_fx_option_vol_maturity_5.00_20250314_0000_.png, 
id=37, 722.7pt x 433.62pt>
File: charts//calibrate_on_vol_5__5_fx_option_vol_maturity_5.00_20250314_0000_.
png Graphic file (type png)
<use charts//calibrate_on_vol_5__5_fx_option_vol_maturity_5.00_20250314_0000_.p
ng>
Package pdftex.def Info: charts//calibrate_on_vol_5__5_fx_option_vol_maturity_5
.00_20250314_0000_.png  used on input line 445.
(pdftex.def)             Requested size: 159.57567pt x 95.74075pt.
<charts//calibrate_on_vol_7__7_fx_option_vol_maturity_7.00_20250314_0000_.png, 
id=38, 722.7pt x 433.62pt>
File: charts//calibrate_on_vol_7__7_fx_option_vol_maturity_7.00_20250314_0000_.
png Graphic file (type png)
<use charts//calibrate_on_vol_7__7_fx_option_vol_maturity_7.00_20250314_0000_.p
ng>
Package pdftex.def Info: charts//calibrate_on_vol_7__7_fx_option_vol_maturity_7
.00_20250314_0000_.png  used on input line 451.
(pdftex.def)             Requested size: 159.57567pt x 95.74075pt.
<charts//calibrate_on_vol_ALL__all_tenors_fx_option_vol_maturity_3.00_20250314_
0000_.png, id=39, 722.7pt x 433.62pt>
File: charts//calibrate_on_vol_ALL__all_tenors_fx_option_vol_maturity_3.00_2025
0314_0000_.png Graphic file (type png)
<use charts//calibrate_on_vol_ALL__all_tenors_fx_option_vol_maturity_3.00_20250
314_0000_.png>
Package pdftex.def Info: charts//calibrate_on_vol_ALL__all_tenors_fx_option_vol
_maturity_3.00_20250314_0000_.png  used on input line 467.
(pdftex.def)             Requested size: 159.57567pt x 95.74075pt.
<charts//calibrate_on_vol_ALL__all_tenors_fx_option_vol_maturity_4.00_20250314_
0000_.png, id=40, 722.7pt x 433.62pt>
File: charts//calibrate_on_vol_ALL__all_tenors_fx_option_vol_maturity_4.00_2025
0314_0000_.png Graphic file (type png)
<use charts//calibrate_on_vol_ALL__all_tenors_fx_option_vol_maturity_4.00_20250
314_0000_.png>
Package pdftex.def Info: charts//calibrate_on_vol_ALL__all_tenors_fx_option_vol
_maturity_4.00_20250314_0000_.png  used on input line 473.
(pdftex.def)             Requested size: 159.57567pt x 95.74075pt.
<charts//calibrate_on_vol_ALL__all_tenors_fx_option_vol_maturity_5.00_20250314_
0000_.png, id=41, 722.7pt x 433.62pt>
File: charts//calibrate_on_vol_ALL__all_tenors_fx_option_vol_maturity_5.00_2025
0314_0000_.png Graphic file (type png)
<use charts//calibrate_on_vol_ALL__all_tenors_fx_option_vol_maturity_5.00_20250
314_0000_.png>
Package pdftex.def Info: charts//calibrate_on_vol_ALL__all_tenors_fx_option_vol
_maturity_5.00_20250314_0000_.png  used on input line 480.
(pdftex.def)             Requested size: 159.57567pt x 95.74075pt.
<charts//calibrate_on_vol_ALL__all_tenors_fx_option_vol_maturity_7.00_20250314_
0000_.png, id=42, 722.7pt x 433.62pt>
File: charts//calibrate_on_vol_ALL__all_tenors_fx_option_vol_maturity_7.00_2025
0314_0000_.png Graphic file (type png)
<use charts//calibrate_on_vol_ALL__all_tenors_fx_option_vol_maturity_7.00_20250
314_0000_.png>
Package pdftex.def Info: charts//calibrate_on_vol_ALL__all_tenors_fx_option_vol
_maturity_7.00_20250314_0000_.png  used on input line 486.
(pdftex.def)             Requested size: 159.57567pt x 95.74075pt.
 [5 <./charts//calibrate_on_vol_4__4_Foreign_bonds_zcrate_20250314_0000_.png> <
./charts//calibrate_on_vol_4__4_Foreign_bonds_price_20250314_0000_.png> <./char
ts//calibrate_on_vol_1__1_fx_option_vol_maturity_1.00_20250314_0000_.png> <./ch
arts//calibrate_on_vol_2__2_fx_option_vol_maturity_2.00_20250314_0000_.png> <./
charts//calibrate_on_vol_3__3_fx_option_vol_maturity_3.00_20250314_0000_.png> <
./charts//calibrate_on_vol_4__4_fx_option_vol_maturity_4.00_20250314_0000_.png>
 <./charts//calibrate_on_vol_5__5_fx_option_vol_maturity_5.00_20250314_0000_.pn
g> <./charts//calibrate_on_vol_7__7_fx_option_vol_maturity_7.00_20250314_0000_.
png>]
<charts//calibrate_on_vol_4__4_Domestic_bonds_zcrate_20250401_0000_.png, id=54,
 722.7pt x 433.62pt>
File: charts//calibrate_on_vol_4__4_Domestic_bonds_zcrate_20250401_0000_.png Gr
aphic file (type png)
<use charts//calibrate_on_vol_4__4_Domestic_bonds_zcrate_20250401_0000_.png>
Package pdftex.def Info: charts//calibrate_on_vol_4__4_Domestic_bonds_zcrate_20
250401_0000_.png  used on input line 504.
(pdftex.def)             Requested size: 239.3559pt x 143.61113pt.
<charts//calibrate_on_vol_4__4_Domestic_bonds_price_20250401_0000_.png, id=55, 
722.7pt x 433.62pt>
File: charts//calibrate_on_vol_4__4_Domestic_bonds_price_20250401_0000_.png Gra
phic file (type png)
<use charts//calibrate_on_vol_4__4_Domestic_bonds_price_20250401_0000_.png>
Package pdftex.def Info: charts//calibrate_on_vol_4__4_Domestic_bonds_price_202
50401_0000_.png  used on input line 511.
(pdftex.def)             Requested size: 239.3559pt x 143.61113pt.
<charts//calibrate_on_vol_4__4_Foreign_bonds_zcrate_20250401_0000_.png, id=56, 
722.7pt x 433.62pt>
File: charts//calibrate_on_vol_4__4_Foreign_bonds_zcrate_20250401_0000_.png Gra
phic file (type png)
<use charts//calibrate_on_vol_4__4_Foreign_bonds_zcrate_20250401_0000_.png>
Package pdftex.def Info: charts//calibrate_on_vol_4__4_Foreign_bonds_zcrate_202
50401_0000_.png  used on input line 525.
(pdftex.def)             Requested size: 239.3559pt x 143.61113pt.
<charts//calibrate_on_vol_4__4_Foreign_bonds_price_20250401_0000_.png, id=57, 7
22.7pt x 433.62pt>
File: charts//calibrate_on_vol_4__4_Foreign_bonds_price_20250401_0000_.png Grap
hic file (type png)
<use charts//calibrate_on_vol_4__4_Foreign_bonds_price_20250401_0000_.png>
Package pdftex.def Info: charts//calibrate_on_vol_4__4_Foreign_bonds_price_2025
0401_0000_.png  used on input line 532.
(pdftex.def)             Requested size: 239.3559pt x 143.61113pt.
 [6 <./charts//calibrate_on_vol_ALL__all_tenors_fx_option_vol_maturity_3.00_202
50314_0000_.png> <./charts//calibrate_on_vol_ALL__all_tenors_fx_option_vol_matu
rity_4.00_20250314_0000_.png> <./charts//calibrate_on_vol_ALL__all_tenors_fx_op
tion_vol_maturity_5.00_20250314_0000_.png> <./charts//calibrate_on_vol_ALL__all
_tenors_fx_option_vol_maturity_7.00_20250314_0000_.png> <./charts//calibrate_on
_vol_4__4_Domestic_bonds_zcrate_20250401_0000_.png> <./charts//calibrate_on_vol
_4__4_Domestic_bonds_price_20250401_0000_.png>]
<charts//calibrate_on_vol_1__1_fx_option_vol_maturity_1.00_20250401_0000_.png, 
id=67, 722.7pt x 433.62pt>
File: charts//calibrate_on_vol_1__1_fx_option_vol_maturity_1.00_20250401_0000_.
png Graphic file (type png)
<use charts//calibrate_on_vol_1__1_fx_option_vol_maturity_1.00_20250401_0000_.p
ng>
Package pdftex.def Info: charts//calibrate_on_vol_1__1_fx_option_vol_maturity_1
.00_20250401_0000_.png  used on input line 549.
(pdftex.def)             Requested size: 159.57567pt x 95.74075pt.
<charts//calibrate_on_vol_2__2_fx_option_vol_maturity_2.00_20250401_0000_.png, 
id=68, 722.7pt x 433.62pt>
File: charts//calibrate_on_vol_2__2_fx_option_vol_maturity_2.00_20250401_0000_.
png Graphic file (type png)
<use charts//calibrate_on_vol_2__2_fx_option_vol_maturity_2.00_20250401_0000_.p
ng>
Package pdftex.def Info: charts//calibrate_on_vol_2__2_fx_option_vol_maturity_2
.00_20250401_0000_.png  used on input line 555.
(pdftex.def)             Requested size: 159.57567pt x 95.74075pt.
<charts//calibrate_on_vol_3__3_fx_option_vol_maturity_3.00_20250401_0000_.png, 
id=69, 722.7pt x 433.62pt>
File: charts//calibrate_on_vol_3__3_fx_option_vol_maturity_3.00_20250401_0000_.
png Graphic file (type png)
<use charts//calibrate_on_vol_3__3_fx_option_vol_maturity_3.00_20250401_0000_.p
ng>
Package pdftex.def Info: charts//calibrate_on_vol_3__3_fx_option_vol_maturity_3
.00_20250401_0000_.png  used on input line 561.
(pdftex.def)             Requested size: 159.57567pt x 95.74075pt.
<charts//calibrate_on_vol_4__4_fx_option_vol_maturity_4.00_20250401_0000_.png, 
id=70, 722.7pt x 433.62pt>
File: charts//calibrate_on_vol_4__4_fx_option_vol_maturity_4.00_20250401_0000_.
png Graphic file (type png)
<use charts//calibrate_on_vol_4__4_fx_option_vol_maturity_4.00_20250401_0000_.p
ng>
Package pdftex.def Info: charts//calibrate_on_vol_4__4_fx_option_vol_maturity_4
.00_20250401_0000_.png  used on input line 568.
(pdftex.def)             Requested size: 159.57567pt x 95.74075pt.
<charts//calibrate_on_vol_5__5_fx_option_vol_maturity_5.00_20250401_0000_.png, 
id=71, 722.7pt x 433.62pt>
File: charts//calibrate_on_vol_5__5_fx_option_vol_maturity_5.00_20250401_0000_.
png Graphic file (type png)
<use charts//calibrate_on_vol_5__5_fx_option_vol_maturity_5.00_20250401_0000_.p
ng>
Package pdftex.def Info: charts//calibrate_on_vol_5__5_fx_option_vol_maturity_5
.00_20250401_0000_.png  used on input line 574.
(pdftex.def)             Requested size: 159.57567pt x 95.74075pt.
<charts//calibrate_on_vol_7__7_fx_option_vol_maturity_7.00_20250401_0000_.png, 
id=72, 722.7pt x 433.62pt>
File: charts//calibrate_on_vol_7__7_fx_option_vol_maturity_7.00_20250401_0000_.
png Graphic file (type png)
<use charts//calibrate_on_vol_7__7_fx_option_vol_maturity_7.00_20250401_0000_.p
ng>
Package pdftex.def Info: charts//calibrate_on_vol_7__7_fx_option_vol_maturity_7
.00_20250401_0000_.png  used on input line 580.
(pdftex.def)             Requested size: 159.57567pt x 95.74075pt.
<charts//calibrate_on_vol_ALL__all_tenors_fx_option_vol_maturity_3.00_20250401_
0000_.png, id=73, 722.7pt x 433.62pt>
File: charts//calibrate_on_vol_ALL__all_tenors_fx_option_vol_maturity_3.00_2025
0401_0000_.png Graphic file (type png)
<use charts//calibrate_on_vol_ALL__all_tenors_fx_option_vol_maturity_3.00_20250
401_0000_.png>
Package pdftex.def Info: charts//calibrate_on_vol_ALL__all_tenors_fx_option_vol
_maturity_3.00_20250401_0000_.png  used on input line 596.
(pdftex.def)             Requested size: 159.57567pt x 95.74075pt.
<charts//calibrate_on_vol_ALL__all_tenors_fx_option_vol_maturity_4.00_20250401_
0000_.png, id=74, 722.7pt x 433.62pt>
File: charts//calibrate_on_vol_ALL__all_tenors_fx_option_vol_maturity_4.00_2025
0401_0000_.png Graphic file (type png)
<use charts//calibrate_on_vol_ALL__all_tenors_fx_option_vol_maturity_4.00_20250
401_0000_.png>
Package pdftex.def Info: charts//calibrate_on_vol_ALL__all_tenors_fx_option_vol
_maturity_4.00_20250401_0000_.png  used on input line 602.
(pdftex.def)             Requested size: 159.57567pt x 95.74075pt.
<charts//calibrate_on_vol_ALL__all_tenors_fx_option_vol_maturity_5.00_20250401_
0000_.png, id=75, 722.7pt x 433.62pt>
File: charts//calibrate_on_vol_ALL__all_tenors_fx_option_vol_maturity_5.00_2025
0401_0000_.png Graphic file (type png)
<use charts//calibrate_on_vol_ALL__all_tenors_fx_option_vol_maturity_5.00_20250
401_0000_.png>
Package pdftex.def Info: charts//calibrate_on_vol_ALL__all_tenors_fx_option_vol
_maturity_5.00_20250401_0000_.png  used on input line 609.
(pdftex.def)             Requested size: 159.57567pt x 95.74075pt.
<charts//calibrate_on_vol_ALL__all_tenors_fx_option_vol_maturity_7.00_20250401_
0000_.png, id=76, 722.7pt x 433.62pt>
File: charts//calibrate_on_vol_ALL__all_tenors_fx_option_vol_maturity_7.00_2025
0401_0000_.png Graphic file (type png)
<use charts//calibrate_on_vol_ALL__all_tenors_fx_option_vol_maturity_7.00_20250
401_0000_.png>
Package pdftex.def Info: charts//calibrate_on_vol_ALL__all_tenors_fx_option_vol
_maturity_7.00_20250401_0000_.png  used on input line 615.
(pdftex.def)             Requested size: 159.57567pt x 95.74075pt.
 [7 <./charts//calibrate_on_vol_4__4_Foreign_bonds_zcrate_20250401_0000_.png> <
./charts//calibrate_on_vol_4__4_Foreign_bonds_price_20250401_0000_.png> <./char
ts//calibrate_on_vol_1__1_fx_option_vol_maturity_1.00_20250401_0000_.png> <./ch
arts//calibrate_on_vol_2__2_fx_option_vol_maturity_2.00_20250401_0000_.png> <./
charts//calibrate_on_vol_3__3_fx_option_vol_maturity_3.00_20250401_0000_.png> <
./charts//calibrate_on_vol_4__4_fx_option_vol_maturity_4.00_20250401_0000_.png>
 <./charts//calibrate_on_vol_5__5_fx_option_vol_maturity_5.00_20250401_0000_.pn
g> <./charts//calibrate_on_vol_7__7_fx_option_vol_maturity_7.00_20250401_0000_.
png>]
<charts//calibrate_on_vol_4__4_Domestic_bonds_zcrate_20250415_0000_.png, id=89,
 722.7pt x 433.62pt>
File: charts//calibrate_on_vol_4__4_Domestic_bonds_zcrate_20250415_0000_.png Gr
aphic file (type png)
<use charts//calibrate_on_vol_4__4_Domestic_bonds_zcrate_20250415_0000_.png>
Package pdftex.def Info: charts//calibrate_on_vol_4__4_Domestic_bonds_zcrate_20
250415_0000_.png  used on input line 633.
(pdftex.def)             Requested size: 239.3559pt x 143.61113pt.
<charts//calibrate_on_vol_4__4_Domestic_bonds_price_20250415_0000_.png, id=90, 
722.7pt x 433.62pt>
File: charts//calibrate_on_vol_4__4_Domestic_bonds_price_20250415_0000_.png Gra
phic file (type png)
<use charts//calibrate_on_vol_4__4_Domestic_bonds_price_20250415_0000_.png>
Package pdftex.def Info: charts//calibrate_on_vol_4__4_Domestic_bonds_price_202
50415_0000_.png  used on input line 640.
(pdftex.def)             Requested size: 239.3559pt x 143.61113pt.
<charts//calibrate_on_vol_4__4_Foreign_bonds_zcrate_20250415_0000_.png, id=91, 
722.7pt x 433.62pt>
File: charts//calibrate_on_vol_4__4_Foreign_bonds_zcrate_20250415_0000_.png Gra
phic file (type png)
<use charts//calibrate_on_vol_4__4_Foreign_bonds_zcrate_20250415_0000_.png>
Package pdftex.def Info: charts//calibrate_on_vol_4__4_Foreign_bonds_zcrate_202
50415_0000_.png  used on input line 654.
(pdftex.def)             Requested size: 239.3559pt x 143.61113pt.
<charts//calibrate_on_vol_4__4_Foreign_bonds_price_20250415_0000_.png, id=92, 7
22.7pt x 433.62pt>
File: charts//calibrate_on_vol_4__4_Foreign_bonds_price_20250415_0000_.png Grap
hic file (type png)
<use charts//calibrate_on_vol_4__4_Foreign_bonds_price_20250415_0000_.png>
Package pdftex.def Info: charts//calibrate_on_vol_4__4_Foreign_bonds_price_2025
0415_0000_.png  used on input line 661.
(pdftex.def)             Requested size: 239.3559pt x 143.61113pt.
 [8 <./charts//calibrate_on_vol_ALL__all_tenors_fx_option_vol_maturity_3.00_202
50401_0000_.png> <./charts//calibrate_on_vol_ALL__all_tenors_fx_option_vol_matu
rity_4.00_20250401_0000_.png> <./charts//calibrate_on_vol_ALL__all_tenors_fx_op
tion_vol_maturity_5.00_20250401_0000_.png> <./charts//calibrate_on_vol_ALL__all
_tenors_fx_option_vol_maturity_7.00_20250401_0000_.png> <./charts//calibrate_on
_vol_4__4_Domestic_bonds_zcrate_20250415_0000_.png> <./charts//calibrate_on_vol
_4__4_Domestic_bonds_price_20250415_0000_.png>]
<charts//calibrate_on_vol_1__1_fx_option_vol_maturity_1.00_20250415_0000_.png, 
id=102, 722.7pt x 433.62pt>
File: charts//calibrate_on_vol_1__1_fx_option_vol_maturity_1.00_20250415_0000_.
png Graphic file (type png)
<use charts//calibrate_on_vol_1__1_fx_option_vol_maturity_1.00_20250415_0000_.p
ng>
Package pdftex.def Info: charts//calibrate_on_vol_1__1_fx_option_vol_maturity_1
.00_20250415_0000_.png  used on input line 678.
(pdftex.def)             Requested size: 159.57567pt x 95.74075pt.
<charts//calibrate_on_vol_2__2_fx_option_vol_maturity_2.00_20250415_0000_.png, 
id=103, 722.7pt x 433.62pt>
File: charts//calibrate_on_vol_2__2_fx_option_vol_maturity_2.00_20250415_0000_.
png Graphic file (type png)
<use charts//calibrate_on_vol_2__2_fx_option_vol_maturity_2.00_20250415_0000_.p
ng>
Package pdftex.def Info: charts//calibrate_on_vol_2__2_fx_option_vol_maturity_2
.00_20250415_0000_.png  used on input line 684.
(pdftex.def)             Requested size: 159.57567pt x 95.74075pt.
<charts//calibrate_on_vol_3__3_fx_option_vol_maturity_3.00_20250415_0000_.png, 
id=104, 722.7pt x 433.62pt>
File: charts//calibrate_on_vol_3__3_fx_option_vol_maturity_3.00_20250415_0000_.
png Graphic file (type png)
<use charts//calibrate_on_vol_3__3_fx_option_vol_maturity_3.00_20250415_0000_.p
ng>
Package pdftex.def Info: charts//calibrate_on_vol_3__3_fx_option_vol_maturity_3
.00_20250415_0000_.png  used on input line 690.
(pdftex.def)             Requested size: 159.57567pt x 95.74075pt.
<charts//calibrate_on_vol_4__4_fx_option_vol_maturity_4.00_20250415_0000_.png, 
id=105, 722.7pt x 433.62pt>
File: charts//calibrate_on_vol_4__4_fx_option_vol_maturity_4.00_20250415_0000_.
png Graphic file (type png)
<use charts//calibrate_on_vol_4__4_fx_option_vol_maturity_4.00_20250415_0000_.p
ng>
Package pdftex.def Info: charts//calibrate_on_vol_4__4_fx_option_vol_maturity_4
.00_20250415_0000_.png  used on input line 697.
(pdftex.def)             Requested size: 159.57567pt x 95.74075pt.
<charts//calibrate_on_vol_5__5_fx_option_vol_maturity_5.00_20250415_0000_.png, 
id=106, 722.7pt x 433.62pt>
File: charts//calibrate_on_vol_5__5_fx_option_vol_maturity_5.00_20250415_0000_.
png Graphic file (type png)
<use charts//calibrate_on_vol_5__5_fx_option_vol_maturity_5.00_20250415_0000_.p
ng>
Package pdftex.def Info: charts//calibrate_on_vol_5__5_fx_option_vol_maturity_5
.00_20250415_0000_.png  used on input line 703.
(pdftex.def)             Requested size: 159.57567pt x 95.74075pt.
<charts//calibrate_on_vol_7__7_fx_option_vol_maturity_7.00_20250415_0000_.png, 
id=107, 722.7pt x 433.62pt>
File: charts//calibrate_on_vol_7__7_fx_option_vol_maturity_7.00_20250415_0000_.
png Graphic file (type png)
<use charts//calibrate_on_vol_7__7_fx_option_vol_maturity_7.00_20250415_0000_.p
ng>
Package pdftex.def Info: charts//calibrate_on_vol_7__7_fx_option_vol_maturity_7
.00_20250415_0000_.png  used on input line 709.
(pdftex.def)             Requested size: 159.57567pt x 95.74075pt.
<charts//calibrate_on_vol_ALL__all_tenors_fx_option_vol_maturity_3.00_20250415_
0000_.png, id=108, 722.7pt x 433.62pt>
File: charts//calibrate_on_vol_ALL__all_tenors_fx_option_vol_maturity_3.00_2025
0415_0000_.png Graphic file (type png)
<use charts//calibrate_on_vol_ALL__all_tenors_fx_option_vol_maturity_3.00_20250
415_0000_.png>
Package pdftex.def Info: charts//calibrate_on_vol_ALL__all_tenors_fx_option_vol
_maturity_3.00_20250415_0000_.png  used on input line 725.
(pdftex.def)             Requested size: 159.57567pt x 95.74075pt.
<charts//calibrate_on_vol_ALL__all_tenors_fx_option_vol_maturity_4.00_20250415_
0000_.png, id=109, 722.7pt x 433.62pt>
File: charts//calibrate_on_vol_ALL__all_tenors_fx_option_vol_maturity_4.00_2025
0415_0000_.png Graphic file (type png)
<use charts//calibrate_on_vol_ALL__all_tenors_fx_option_vol_maturity_4.00_20250
415_0000_.png>
Package pdftex.def Info: charts//calibrate_on_vol_ALL__all_tenors_fx_option_vol
_maturity_4.00_20250415_0000_.png  used on input line 731.
(pdftex.def)             Requested size: 159.57567pt x 95.74075pt.
<charts//calibrate_on_vol_ALL__all_tenors_fx_option_vol_maturity_5.00_20250415_
0000_.png, id=110, 722.7pt x 433.62pt>
File: charts//calibrate_on_vol_ALL__all_tenors_fx_option_vol_maturity_5.00_2025
0415_0000_.png Graphic file (type png)
<use charts//calibrate_on_vol_ALL__all_tenors_fx_option_vol_maturity_5.00_20250
415_0000_.png>
Package pdftex.def Info: charts//calibrate_on_vol_ALL__all_tenors_fx_option_vol
_maturity_5.00_20250415_0000_.png  used on input line 738.
(pdftex.def)             Requested size: 159.57567pt x 95.74075pt.
<charts//calibrate_on_vol_ALL__all_tenors_fx_option_vol_maturity_7.00_20250415_
0000_.png, id=111, 722.7pt x 433.62pt>
File: charts//calibrate_on_vol_ALL__all_tenors_fx_option_vol_maturity_7.00_2025
0415_0000_.png Graphic file (type png)
<use charts//calibrate_on_vol_ALL__all_tenors_fx_option_vol_maturity_7.00_20250
415_0000_.png>
Package pdftex.def Info: charts//calibrate_on_vol_ALL__all_tenors_fx_option_vol
_maturity_7.00_20250415_0000_.png  used on input line 744.
(pdftex.def)             Requested size: 159.57567pt x 95.74075pt.
 [9 <./charts//calibrate_on_vol_4__4_Foreign_bonds_zcrate_20250415_0000_.png> <
./charts//calibrate_on_vol_4__4_Foreign_bonds_price_20250415_0000_.png> <./char
ts//calibrate_on_vol_1__1_fx_option_vol_maturity_1.00_20250415_0000_.png> <./ch
arts//calibrate_on_vol_2__2_fx_option_vol_maturity_2.00_20250415_0000_.png> <./
charts//calibrate_on_vol_3__3_fx_option_vol_maturity_3.00_20250415_0000_.png> <
./charts//calibrate_on_vol_4__4_fx_option_vol_maturity_4.00_20250415_0000_.png>
 <./charts//calibrate_on_vol_5__5_fx_option_vol_maturity_5.00_20250415_0000_.pn
g> <./charts//calibrate_on_vol_7__7_fx_option_vol_maturity_7.00_20250415_0000_.
png>]
<charts//calibrate_on_vol_4__4_Domestic_bonds_zcrate_20250516_0000_.png, id=123
, 722.7pt x 433.62pt>
File: charts//calibrate_on_vol_4__4_Domestic_bonds_zcrate_20250516_0000_.png Gr
aphic file (type png)
<use charts//calibrate_on_vol_4__4_Domestic_bonds_zcrate_20250516_0000_.png>
Package pdftex.def Info: charts//calibrate_on_vol_4__4_Domestic_bonds_zcrate_20
250516_0000_.png  used on input line 762.
(pdftex.def)             Requested size: 239.3559pt x 143.61113pt.
<charts//calibrate_on_vol_4__4_Domestic_bonds_price_20250516_0000_.png, id=124,
 722.7pt x 433.62pt>
File: charts//calibrate_on_vol_4__4_Domestic_bonds_price_20250516_0000_.png Gra
phic file (type png)
<use charts//calibrate_on_vol_4__4_Domestic_bonds_price_20250516_0000_.png>
Package pdftex.def Info: charts//calibrate_on_vol_4__4_Domestic_bonds_price_202
50516_0000_.png  used on input line 769.
(pdftex.def)             Requested size: 239.3559pt x 143.61113pt.
<charts//calibrate_on_vol_4__4_Foreign_bonds_zcrate_20250516_0000_.png, id=125,
 722.7pt x 433.62pt>
File: charts//calibrate_on_vol_4__4_Foreign_bonds_zcrate_20250516_0000_.png Gra
phic file (type png)
<use charts//calibrate_on_vol_4__4_Foreign_bonds_zcrate_20250516_0000_.png>
Package pdftex.def Info: charts//calibrate_on_vol_4__4_Foreign_bonds_zcrate_202
50516_0000_.png  used on input line 783.
(pdftex.def)             Requested size: 239.3559pt x 143.61113pt.
<charts//calibrate_on_vol_4__4_Foreign_bonds_price_20250516_0000_.png, id=126, 
722.7pt x 433.62pt>
File: charts//calibrate_on_vol_4__4_Foreign_bonds_price_20250516_0000_.png Grap
hic file (type png)
<use charts//calibrate_on_vol_4__4_Foreign_bonds_price_20250516_0000_.png>
Package pdftex.def Info: charts//calibrate_on_vol_4__4_Foreign_bonds_price_2025
0516_0000_.png  used on input line 790.
(pdftex.def)             Requested size: 239.3559pt x 143.61113pt.
 [10 <./charts//calibrate_on_vol_ALL__all_tenors_fx_option_vol_maturity_3.00_20
250415_0000_.png> <./charts//calibrate_on_vol_ALL__all_tenors_fx_option_vol_mat
urity_4.00_20250415_0000_.png> <./charts//calibrate_on_vol_ALL__all_tenors_fx_o
ption_vol_maturity_5.00_20250415_0000_.png> <./charts//calibrate_on_vol_ALL__al
l_tenors_fx_option_vol_maturity_7.00_20250415_0000_.png> <./charts//calibrate_o
n_vol_4__4_Domestic_bonds_zcrate_20250516_0000_.png> <./charts//calibrate_on_vo
l_4__4_Domestic_bonds_price_20250516_0000_.png>]
<charts//calibrate_on_vol_1__1_fx_option_vol_maturity_1.00_20250516_0000_.png, 
id=136, 722.7pt x 433.62pt>
File: charts//calibrate_on_vol_1__1_fx_option_vol_maturity_1.00_20250516_0000_.
png Graphic file (type png)
<use charts//calibrate_on_vol_1__1_fx_option_vol_maturity_1.00_20250516_0000_.p
ng>
Package pdftex.def Info: charts//calibrate_on_vol_1__1_fx_option_vol_maturity_1
.00_20250516_0000_.png  used on input line 807.
(pdftex.def)             Requested size: 159.57567pt x 95.74075pt.
<charts//calibrate_on_vol_2__2_fx_option_vol_maturity_2.00_20250516_0000_.png, 
id=137, 722.7pt x 433.62pt>
File: charts//calibrate_on_vol_2__2_fx_option_vol_maturity_2.00_20250516_0000_.
png Graphic file (type png)
<use charts//calibrate_on_vol_2__2_fx_option_vol_maturity_2.00_20250516_0000_.p
ng>
Package pdftex.def Info: charts//calibrate_on_vol_2__2_fx_option_vol_maturity_2
.00_20250516_0000_.png  used on input line 813.
(pdftex.def)             Requested size: 159.57567pt x 95.74075pt.
<charts//calibrate_on_vol_3__3_fx_option_vol_maturity_3.00_20250516_0000_.png, 
id=138, 722.7pt x 433.62pt>
File: charts//calibrate_on_vol_3__3_fx_option_vol_maturity_3.00_20250516_0000_.
png Graphic file (type png)
<use charts//calibrate_on_vol_3__3_fx_option_vol_maturity_3.00_20250516_0000_.p
ng>
Package pdftex.def Info: charts//calibrate_on_vol_3__3_fx_option_vol_maturity_3
.00_20250516_0000_.png  used on input line 819.
(pdftex.def)             Requested size: 159.57567pt x 95.74075pt.
<charts//calibrate_on_vol_4__4_fx_option_vol_maturity_4.00_20250516_0000_.png, 
id=139, 722.7pt x 433.62pt>
File: charts//calibrate_on_vol_4__4_fx_option_vol_maturity_4.00_20250516_0000_.
png Graphic file (type png)
<use charts//calibrate_on_vol_4__4_fx_option_vol_maturity_4.00_20250516_0000_.p
ng>
Package pdftex.def Info: charts//calibrate_on_vol_4__4_fx_option_vol_maturity_4
.00_20250516_0000_.png  used on input line 826.
(pdftex.def)             Requested size: 159.57567pt x 95.74075pt.
<charts//calibrate_on_vol_5__5_fx_option_vol_maturity_5.00_20250516_0000_.png, 
id=140, 722.7pt x 433.62pt>
File: charts//calibrate_on_vol_5__5_fx_option_vol_maturity_5.00_20250516_0000_.
png Graphic file (type png)
<use charts//calibrate_on_vol_5__5_fx_option_vol_maturity_5.00_20250516_0000_.p
ng>
Package pdftex.def Info: charts//calibrate_on_vol_5__5_fx_option_vol_maturity_5
.00_20250516_0000_.png  used on input line 832.
(pdftex.def)             Requested size: 159.57567pt x 95.74075pt.
<charts//calibrate_on_vol_7__7_fx_option_vol_maturity_7.00_20250516_0000_.png, 
id=141, 722.7pt x 433.62pt>
File: charts//calibrate_on_vol_7__7_fx_option_vol_maturity_7.00_20250516_0000_.
png Graphic file (type png)
<use charts//calibrate_on_vol_7__7_fx_option_vol_maturity_7.00_20250516_0000_.p
ng>
Package pdftex.def Info: charts//calibrate_on_vol_7__7_fx_option_vol_maturity_7
.00_20250516_0000_.png  used on input line 838.
(pdftex.def)             Requested size: 159.57567pt x 95.74075pt.
<charts//calibrate_on_vol_ALL__all_tenors_fx_option_vol_maturity_3.00_20250516_
0000_.png, id=142, 722.7pt x 433.62pt>
File: charts//calibrate_on_vol_ALL__all_tenors_fx_option_vol_maturity_3.00_2025
0516_0000_.png Graphic file (type png)
<use charts//calibrate_on_vol_ALL__all_tenors_fx_option_vol_maturity_3.00_20250
516_0000_.png>
Package pdftex.def Info: charts//calibrate_on_vol_ALL__all_tenors_fx_option_vol
_maturity_3.00_20250516_0000_.png  used on input line 854.
(pdftex.def)             Requested size: 159.57567pt x 95.74075pt.
<charts//calibrate_on_vol_ALL__all_tenors_fx_option_vol_maturity_4.00_20250516_
0000_.png, id=143, 722.7pt x 433.62pt>
File: charts//calibrate_on_vol_ALL__all_tenors_fx_option_vol_maturity_4.00_2025
0516_0000_.png Graphic file (type png)
<use charts//calibrate_on_vol_ALL__all_tenors_fx_option_vol_maturity_4.00_20250
516_0000_.png>
Package pdftex.def Info: charts//calibrate_on_vol_ALL__all_tenors_fx_option_vol
_maturity_4.00_20250516_0000_.png  used on input line 860.
(pdftex.def)             Requested size: 159.57567pt x 95.74075pt.
<charts//calibrate_on_vol_ALL__all_tenors_fx_option_vol_maturity_5.00_20250516_
0000_.png, id=144, 722.7pt x 433.62pt>
File: charts//calibrate_on_vol_ALL__all_tenors_fx_option_vol_maturity_5.00_2025
0516_0000_.png Graphic file (type png)
<use charts//calibrate_on_vol_ALL__all_tenors_fx_option_vol_maturity_5.00_20250
516_0000_.png>
Package pdftex.def Info: charts//calibrate_on_vol_ALL__all_tenors_fx_option_vol
_maturity_5.00_20250516_0000_.png  used on input line 867.
(pdftex.def)             Requested size: 159.57567pt x 95.74075pt.
<charts//calibrate_on_vol_ALL__all_tenors_fx_option_vol_maturity_7.00_20250516_
0000_.png, id=145, 722.7pt x 433.62pt>
File: charts//calibrate_on_vol_ALL__all_tenors_fx_option_vol_maturity_7.00_2025
0516_0000_.png Graphic file (type png)
<use charts//calibrate_on_vol_ALL__all_tenors_fx_option_vol_maturity_7.00_20250
516_0000_.png>
Package pdftex.def Info: charts//calibrate_on_vol_ALL__all_tenors_fx_option_vol
_maturity_7.00_20250516_0000_.png  used on input line 873.
(pdftex.def)             Requested size: 159.57567pt x 95.74075pt.
 [11 <./charts//calibrate_on_vol_4__4_Foreign_bonds_zcrate_20250516_0000_.png> 
<./charts//calibrate_on_vol_4__4_Foreign_bonds_price_20250516_0000_.png> <./cha
rts//calibrate_on_vol_1__1_fx_option_vol_maturity_1.00_20250516_0000_.png> <./c
harts//calibrate_on_vol_2__2_fx_option_vol_maturity_2.00_20250516_0000_.png> <.
/charts//calibrate_on_vol_3__3_fx_option_vol_maturity_3.00_20250516_0000_.png> 
<./charts//calibrate_on_vol_4__4_fx_option_vol_maturity_4.00_20250516_0000_.png
> <./charts//calibrate_on_vol_5__5_fx_option_vol_maturity_5.00_20250516_0000_.p
ng> <./charts//calibrate_on_vol_7__7_fx_option_vol_maturity_7.00_20250516_0000_
.png>]
<charts//calibrate_on_vol_4__4_Domestic_bonds_zcrate_20250530_0000_.png, id=157
, 722.7pt x 433.62pt>
File: charts//calibrate_on_vol_4__4_Domestic_bonds_zcrate_20250530_0000_.png Gr
aphic file (type png)
<use charts//calibrate_on_vol_4__4_Domestic_bonds_zcrate_20250530_0000_.png>
Package pdftex.def Info: charts//calibrate_on_vol_4__4_Domestic_bonds_zcrate_20
250530_0000_.png  used on input line 891.
(pdftex.def)             Requested size: 239.3559pt x 143.61113pt.
<charts//calibrate_on_vol_4__4_Domestic_bonds_price_20250530_0000_.png, id=158,
 722.7pt x 433.62pt>
File: charts//calibrate_on_vol_4__4_Domestic_bonds_price_20250530_0000_.png Gra
phic file (type png)
<use charts//calibrate_on_vol_4__4_Domestic_bonds_price_20250530_0000_.png>
Package pdftex.def Info: charts//calibrate_on_vol_4__4_Domestic_bonds_price_202
50530_0000_.png  used on input line 898.
(pdftex.def)             Requested size: 239.3559pt x 143.61113pt.
<charts//calibrate_on_vol_4__4_Foreign_bonds_zcrate_20250530_0000_.png, id=159,
 722.7pt x 433.62pt>
File: charts//calibrate_on_vol_4__4_Foreign_bonds_zcrate_20250530_0000_.png Gra
phic file (type png)
<use charts//calibrate_on_vol_4__4_Foreign_bonds_zcrate_20250530_0000_.png>
Package pdftex.def Info: charts//calibrate_on_vol_4__4_Foreign_bonds_zcrate_202
50530_0000_.png  used on input line 912.
(pdftex.def)             Requested size: 239.3559pt x 143.61113pt.
<charts//calibrate_on_vol_4__4_Foreign_bonds_price_20250530_0000_.png, id=160, 
722.7pt x 433.62pt>
File: charts//calibrate_on_vol_4__4_Foreign_bonds_price_20250530_0000_.png Grap
hic file (type png)
<use charts//calibrate_on_vol_4__4_Foreign_bonds_price_20250530_0000_.png>
Package pdftex.def Info: charts//calibrate_on_vol_4__4_Foreign_bonds_price_2025
0530_0000_.png  used on input line 919.
(pdftex.def)             Requested size: 239.3559pt x 143.61113pt.
 [12 <./charts//calibrate_on_vol_ALL__all_tenors_fx_option_vol_maturity_3.00_20
250516_0000_.png> <./charts//calibrate_on_vol_ALL__all_tenors_fx_option_vol_mat
urity_4.00_20250516_0000_.png> <./charts//calibrate_on_vol_ALL__all_tenors_fx_o
ption_vol_maturity_5.00_20250516_0000_.png> <./charts//calibrate_on_vol_ALL__al
l_tenors_fx_option_vol_maturity_7.00_20250516_0000_.png> <./charts//calibrate_o
n_vol_4__4_Domestic_bonds_zcrate_20250530_0000_.png> <./charts//calibrate_on_vo
l_4__4_Domestic_bonds_price_20250530_0000_.png>]
<charts//calibrate_on_vol_1__1_fx_option_vol_maturity_1.00_20250530_0000_.png, 
id=170, 722.7pt x 433.62pt>
File: charts//calibrate_on_vol_1__1_fx_option_vol_maturity_1.00_20250530_0000_.
png Graphic file (type png)
<use charts//calibrate_on_vol_1__1_fx_option_vol_maturity_1.00_20250530_0000_.p
ng>
Package pdftex.def Info: charts//calibrate_on_vol_1__1_fx_option_vol_maturity_1
.00_20250530_0000_.png  used on input line 936.
(pdftex.def)             Requested size: 159.57567pt x 95.74075pt.
<charts//calibrate_on_vol_2__2_fx_option_vol_maturity_2.00_20250530_0000_.png, 
id=171, 722.7pt x 433.62pt>
File: charts//calibrate_on_vol_2__2_fx_option_vol_maturity_2.00_20250530_0000_.
png Graphic file (type png)
<use charts//calibrate_on_vol_2__2_fx_option_vol_maturity_2.00_20250530_0000_.p
ng>
Package pdftex.def Info: charts//calibrate_on_vol_2__2_fx_option_vol_maturity_2
.00_20250530_0000_.png  used on input line 942.
(pdftex.def)             Requested size: 159.57567pt x 95.74075pt.
<charts//calibrate_on_vol_3__3_fx_option_vol_maturity_3.00_20250530_0000_.png, 
id=172, 722.7pt x 433.62pt>
File: charts//calibrate_on_vol_3__3_fx_option_vol_maturity_3.00_20250530_0000_.
png Graphic file (type png)
<use charts//calibrate_on_vol_3__3_fx_option_vol_maturity_3.00_20250530_0000_.p
ng>
Package pdftex.def Info: charts//calibrate_on_vol_3__3_fx_option_vol_maturity_3
.00_20250530_0000_.png  used on input line 948.
(pdftex.def)             Requested size: 159.57567pt x 95.74075pt.
<charts//calibrate_on_vol_4__4_fx_option_vol_maturity_4.00_20250530_0000_.png, 
id=173, 722.7pt x 433.62pt>
File: charts//calibrate_on_vol_4__4_fx_option_vol_maturity_4.00_20250530_0000_.
png Graphic file (type png)
<use charts//calibrate_on_vol_4__4_fx_option_vol_maturity_4.00_20250530_0000_.p
ng>
Package pdftex.def Info: charts//calibrate_on_vol_4__4_fx_option_vol_maturity_4
.00_20250530_0000_.png  used on input line 955.
(pdftex.def)             Requested size: 159.57567pt x 95.74075pt.
<charts//calibrate_on_vol_5__5_fx_option_vol_maturity_5.00_20250530_0000_.png, 
id=174, 722.7pt x 433.62pt>
File: charts//calibrate_on_vol_5__5_fx_option_vol_maturity_5.00_20250530_0000_.
png Graphic file (type png)
<use charts//calibrate_on_vol_5__5_fx_option_vol_maturity_5.00_20250530_0000_.p
ng>
Package pdftex.def Info: charts//calibrate_on_vol_5__5_fx_option_vol_maturity_5
.00_20250530_0000_.png  used on input line 961.
(pdftex.def)             Requested size: 159.57567pt x 95.74075pt.
<charts//calibrate_on_vol_7__7_fx_option_vol_maturity_7.00_20250530_0000_.png, 
id=175, 722.7pt x 433.62pt>
File: charts//calibrate_on_vol_7__7_fx_option_vol_maturity_7.00_20250530_0000_.
png Graphic file (type png)
<use charts//calibrate_on_vol_7__7_fx_option_vol_maturity_7.00_20250530_0000_.p
ng>
Package pdftex.def Info: charts//calibrate_on_vol_7__7_fx_option_vol_maturity_7
.00_20250530_0000_.png  used on input line 967.
(pdftex.def)             Requested size: 159.57567pt x 95.74075pt.
<charts//calibrate_on_vol_ALL__all_tenors_fx_option_vol_maturity_3.00_20250530_
0000_.png, id=176, 722.7pt x 433.62pt>
File: charts//calibrate_on_vol_ALL__all_tenors_fx_option_vol_maturity_3.00_2025
0530_0000_.png Graphic file (type png)
<use charts//calibrate_on_vol_ALL__all_tenors_fx_option_vol_maturity_3.00_20250
530_0000_.png>
Package pdftex.def Info: charts//calibrate_on_vol_ALL__all_tenors_fx_option_vol
_maturity_3.00_20250530_0000_.png  used on input line 983.
(pdftex.def)             Requested size: 159.57567pt x 95.74075pt.
<charts//calibrate_on_vol_ALL__all_tenors_fx_option_vol_maturity_4.00_20250530_
0000_.png, id=177, 722.7pt x 433.62pt>
File: charts//calibrate_on_vol_ALL__all_tenors_fx_option_vol_maturity_4.00_2025
0530_0000_.png Graphic file (type png)
<use charts//calibrate_on_vol_ALL__all_tenors_fx_option_vol_maturity_4.00_20250
530_0000_.png>
Package pdftex.def Info: charts//calibrate_on_vol_ALL__all_tenors_fx_option_vol
_maturity_4.00_20250530_0000_.png  used on input line 989.
(pdftex.def)             Requested size: 159.57567pt x 95.74075pt.
<charts//calibrate_on_vol_ALL__all_tenors_fx_option_vol_maturity_5.00_20250530_
0000_.png, id=178, 722.7pt x 433.62pt>
File: charts//calibrate_on_vol_ALL__all_tenors_fx_option_vol_maturity_5.00_2025
0530_0000_.png Graphic file (type png)
<use charts//calibrate_on_vol_ALL__all_tenors_fx_option_vol_maturity_5.00_20250
530_0000_.png>
Package pdftex.def Info: charts//calibrate_on_vol_ALL__all_tenors_fx_option_vol
_maturity_5.00_20250530_0000_.png  used on input line 996.
(pdftex.def)             Requested size: 159.57567pt x 95.74075pt.
<charts//calibrate_on_vol_ALL__all_tenors_fx_option_vol_maturity_7.00_20250530_
0000_.png, id=179, 722.7pt x 433.62pt>
File: charts//calibrate_on_vol_ALL__all_tenors_fx_option_vol_maturity_7.00_2025
0530_0000_.png Graphic file (type png)
<use charts//calibrate_on_vol_ALL__all_tenors_fx_option_vol_maturity_7.00_20250
530_0000_.png>
Package pdftex.def Info: charts//calibrate_on_vol_ALL__all_tenors_fx_option_vol
_maturity_7.00_20250530_0000_.png  used on input line 1002.
(pdftex.def)             Requested size: 159.57567pt x 95.74075pt.
 [13 <./charts//calibrate_on_vol_4__4_Foreign_bonds_zcrate_20250530_0000_.png> 
<./charts//calibrate_on_vol_4__4_Foreign_bonds_price_20250530_0000_.png> <./cha
rts//calibrate_on_vol_1__1_fx_option_vol_maturity_1.00_20250530_0000_.png> <./c
harts//calibrate_on_vol_2__2_fx_option_vol_maturity_2.00_20250530_0000_.png> <.
/charts//calibrate_on_vol_3__3_fx_option_vol_maturity_3.00_20250530_0000_.png> 
<./charts//calibrate_on_vol_4__4_fx_option_vol_maturity_4.00_20250530_0000_.png
> <./charts//calibrate_on_vol_5__5_fx_option_vol_maturity_5.00_20250530_0000_.p
ng> <./charts//calibrate_on_vol_7__7_fx_option_vol_maturity_7.00_20250530_0000_
.png>] [14 <./charts//calibrate_on_vol_ALL__all_tenors_fx_option_vol_maturity_3
.00_20250530_0000_.png> <./charts//calibrate_on_vol_ALL__all_tenors_fx_option_v
ol_maturity_4.00_20250530_0000_.png> <./charts//calibrate_on_vol_ALL__all_tenor
s_fx_option_vol_maturity_5.00_20250530_0000_.png> <./charts//calibrate_on_vol_A
LL__all_tenors_fx_option_vol_maturity_7.00_20250530_0000_.png>] (multi_maturity
_model_report.aux)

LaTeX Warning: There were multiply-defined labels.

 ) 
Here is how much of TeX's memory you used:
 5179 strings out of 479799
 108335 string characters out of 2879599
 413243 words of memory out of 3000000
 22054 multiletter control sequences out of 15000+200000
 541105 words of font info for 50 fonts, out of 3000000 for 9000
 1141 hyphenation exceptions out of 8191
 66i,10n,74p,324b,477s stack positions out of 5000i,500n,10000p,200000b,50000s
 <C:\Users\edem_\AppData\Local\MiKTeX\fonts/pk/ljfour/jknappen/ec/dpi600\tcrm
1000.pk><C:/Program Files/MiKTeX/fonts/type1/public/amsfonts/cm/cmbx10.pfb><C:/
Program Files/MiKTeX/fonts/type1/public/amsfonts/cm/cmbx12.pfb><C:/Program File
s/MiKTeX/fonts/type1/public/amsfonts/cm/cmex10.pfb><C:/Program Files/MiKTeX/fon
ts/type1/public/amsfonts/cm/cmmi10.pfb><C:/Program Files/MiKTeX/fonts/type1/pub
lic/amsfonts/cm/cmmi7.pfb><C:/Program Files/MiKTeX/fonts/type1/public/amsfonts/
cm/cmr10.pfb><C:/Program Files/MiKTeX/fonts/type1/public/amsfonts/cm/cmr12.pfb>
<C:/Program Files/MiKTeX/fonts/type1/public/amsfonts/cm/cmr17.pfb><C:/Program F
iles/MiKTeX/fonts/type1/public/amsfonts/cm/cmr7.pfb><C:/Program Files/MiKTeX/fo
nts/type1/public/amsfonts/cm/cmr9.pfb><C:/Program Files/MiKTeX/fonts/type1/publ
ic/amsfonts/cm/cmsy10.pfb>
Output written on multi_maturity_model_report.pdf (14 pages, 3015588 bytes).
PDF statistics:
 238 PDF objects out of 1000 (max. 8388607)
 0 named destinations out of 1000 (max. 500000)
 351 words of extra memory for PDF output out of 10000 (max. 10000000)

